{"level":"info","message":"API: \"addadmin\" request-Data: {\"UniqueCode\":\"UnIqUe001Ayurveda\",\"firstName\":\"Harsh\",\"lastName\":\"Sharma\",\"email\":\"harshsharma9638@gmail.com\",\"mobileNumber\":9871596359,\"userName\":\"Pandatjiharsh\",\"password\":\"Harsh@123\"}"}
{"level":"info","message":"API: addadmin response-Data: {\"status\":1,\"data\":{\"firstName\":\"Harsh\",\"lastName\":\"Sharma\",\"email\":\"harshsharma9638@gmail.com\",\"mobileNumber\":9871596359,\"userName\":\"Pandatjiharsh\",\"password\":\"Harsh@123\",\"_id\":\"659b96c60159e1d8285df86c\",\"__v\":0},\"message\":\"Data Added Successfully\"}"}
{"level":"info","message":"API: \"addadmin\" request-Data: {\"UniqueCode\":\"UnI1Ayurveda\",\"firstName\":\"Harsh\",\"lastName\":\"Sharma\",\"email\":\"harshsharma9638@gmail.com\",\"mobileNumber\":9871596359,\"userName\":\"Pandatjiharsh\",\"password\":\"Harsh@123\"}"}
{"level":"info","message":"API: \"addadmin\" request-Data: {\"UniqueCode\":\"UnI1Ayurveda\",\"firstName\":\"Harsh\",\"lastName\":\"Sharma\",\"email\":\"harshsharma9638@gmail.com\",\"mobileNumber\":9871596359,\"userName\":\"Pandatjiharsh\",\"password\":\"Harsh@123\"}"}
{"level":"error"}
{"level":"info","message":"API: \"addadmin\" request-Data: {\"UniqueCode\":\"UnI1Ayurveda\",\"firstName\":\"Harsh\",\"lastName\":\"Sharma\",\"email\":\"harshsharma9638@gmail.com\",\"mobileNumber\":9871596359,\"userName\":\"Pandatjiharsh\",\"password\":\"Harsh@123\"}"}
{"level":"info","message":"API: \"addadmin\" request-Data: {\"UniqueCode\":\"UnI1Ayurveda\",\"firstName\":\"Harsh\",\"lastName\":\"Sharma\",\"email\":\"harshsharma9638@gmail.com\",\"mobileNumber\":9871596359,\"userName\":\"Pandatjiharsh\",\"password\":\"Harsh@123\"}"}
{"level":"info","message":"API: \"addadmin\" request-Data: {\"UniqueCode\":\"UnI1Ayurveda\",\"firstName\":\"Harsh\",\"lastName\":\"Sharma\",\"email\":\"harshsharma9638@gmail.com\",\"mobileNumber\":9871596359,\"userName\":\"Pandatjiharsh\",\"password\":\"Harsh@123\"}"}
{"level":"info","message":"API: \"addadmin\" request-Data: {\"UniqueCode\":\"UnI1Ayurveda\",\"firstName\":\"Harsh\",\"lastName\":\"Sharma\",\"email\":\"harshsharma9638@gmail.com\",\"mobileNumber\":9871596359,\"userName\":\"Pandatjiharsh\",\"password\":\"Harsh@123\"}"}
{"level":"info","message":"API: \"addadmin\" request-Data: {\"UniqueCode\":\"UnI1Ayurveda\",\"firstName\":\"Harsh\",\"lastName\":\"Sharma\",\"email\":\"harshsharma9638@gmail.com\",\"mobileNumber\":9871596359,\"userName\":\"Pandatjiharsh\",\"password\":\"Harsh@123\"}"}
{"level":"info","message":"API: \"addadmin\" request-Data: {\"UniqueCode\":\"UnIqUe001Ayurveda\",\"firstName\":\"Harsh\",\"lastName\":\"Sharma\",\"email\":\"harshsharma9638@gmail.com\",\"mobileNumber\":9871596359,\"userName\":\"Pandatjiharsh\",\"password\":\"Harsh@123\"}"}
{"level":"info","message":"API: addadmin response-Data: {\"status\":1,\"data\":{\"firstName\":\"Harsh\",\"lastName\":\"Sharma\",\"email\":\"harshsharma9638@gmail.com\",\"mobileNumber\":9871596359,\"userName\":\"Pandatjiharsh\",\"password\":\"$2a$10$2umIJrTh9gnzC.060GLcOOenYfGInEy7jkIzVpxAWMJhiegJUSqvS\",\"_id\":\"659b9f608ecfc2a2b24c62b9\",\"__v\":0},\"message\":\"Data Added Successfully\"}"}
{"level":"info","message":"API: \"addadmin\" request-Data: {\"UniqueCode\":\"UnIqUe001Ayurveda\",\"firstName\":\"Harsh\",\"lastName\":\"Sharma\",\"email\":\"harshsharma9638@gmail.com\",\"mobileNumber\":9871596359,\"userName\":\"Pandatjiharsh\",\"password\":\"Harsh@123\"}"}
{"level":"info","message":"API: addadmin response-Data: {\"status\":0,\"data\":\"null\",\"message\":\"userName Already Exist\"}"}
{"level":"info","message":"API: \"addadmin\" request-Data: {\"UniqueCode\":\"UnIqUe001Ayurveda\",\"firstName\":\"Harsh\",\"lastName\":\"Sharma\",\"email\":\"harshsharma9638@gmail.com\",\"mobileNumber\":9871596359,\"userName\":\"Pandatjiharsh\",\"password\":\"Harsh@123\"}"}
{"level":"info","message":"API: addadmin response-Data: {\"status\":1,\"data\":{\"firstName\":\"Harsh\",\"lastName\":\"Sharma\",\"email\":\"harshsharma9638@gmail.com\",\"mobileNumber\":9871596359,\"userName\":\"Pandatjiharsh\",\"password\":\"$2a$10$q/O2nwmivAVL7aK7QMjnp.6BeTS6RKEr0ANRFQ8V8F/PwMcrx17ie\",\"_id\":\"659b9fed5da69b18abeb05e5\",\"__v\":0},\"message\":\"Data Added Successfully\"}"}
{"level":"info","message":"API: \"addadmin\" request-Data: {\"UniqueCode\":\"UnIqUe001Ayurveda\",\"firstName\":\"Harsh\",\"lastName\":\"Sharma\",\"email\":\"harshsharma9638@gmail.com\",\"mobileNumber\":9871596359,\"userName\":\"Pandatjiharsh\",\"password\":\"Harsh@123\"}"}
{"level":"info","message":"API: addadmin response-Data: {\"status\":0,\"data\":\"null\",\"message\":\"userName Already Exist\"}"}
{"level":"info","message":"API: \"addadmin\" request-Data: {\"UniqueCode\":\"UnIqUe001Ayurveda\",\"firstName\":\"Harsh\",\"lastName\":\"Sharma\",\"email\":\"harshsharma9638@gmail.com\",\"mobileNumber\":9871596359,\"userName\":\"Pandatjiharsh\",\"password\":\"Harsh@123\"}"}
{"level":"info","message":"API: addadmin response-Data: {\"status\":0,\"data\":\"null\",\"message\":\"userName Already Exist\"}"}
{"level":"info","message":"API: \"addadmin\" request-Data: {\"UniqueCode\":\"UnIqUe001Ayurveda\",\"firstName\":\"Harsh\",\"lastName\":\"Sharma\",\"email\":\"harshsharma9638@gmail.com\",\"mobileNumber\":9871596359,\"userName\":\"Pandatjiharsh\",\"password\":\"Harsh@123\"}"}
{"level":"info","message":"API: addadmin response-Data: {\"status\":0,\"data\":\"null\",\"message\":\"userName Already Exist\"}"}
{"level":"info","message":"API: \"addadmin\" request-Data: {\"UniqueCode\":\"UnIqUe001Ayurveda\",\"firstName\":\"Harsh\",\"lastName\":\"Sharma\",\"email\":\"harshsharma9638@gmail.com\",\"mobileNumber\":9871596359,\"userName\":\"Pandatjiharsh\",\"password\":\"Harsh@123\"}"}
{"level":"info","message":"API: addadmin response-Data: {\"status\":0,\"data\":\"null\",\"message\":\"userName Already Exist\"}"}
